# JRE version: Java(TM) SE Runtime Environment (13.0.1+9) (build 13.0.1+9)
# Java VM: Java HotSpot(TM) 64-Bit Server VM (13.0.1+9, mixed mode, tiered, compressed oops, g1 gc, windows-amd64)
Heap:
 garbage-first heap   total 100352K, used 47990K [0x0000000082600000, 0x0000000100000000)
  region size 1024K, 11 young (11264K), 4 survivors (4096K)
 Metaspace       used 83794K, capacity 85418K, committed 85760K, reserved 1124352K
  class space    used 9534K, capacity 10155K, committed 10240K, reserved 1048576K
GC Heap History (20 events):
Event: 25771.511 GC heap before
{Heap before GC invocations=225 (full 0):
 garbage-first heap   total 100352K, used 81455K [0x0000000082600000, 0x0000000100000000)
  region size 1024K, 43 young (44032K), 3 survivors (3072K)
 Metaspace       used 83732K, capacity 85415K, committed 85760K, reserved 1124352K
  class space    used 9530K, capacity 10154K, committed 10240K, reserved 1048576K
}
Event: 25771.513 GC heap after
{Heap after GC invocations=226 (full 0):
 garbage-first heap   total 100352K, used 41561K [0x0000000082600000, 0x0000000100000000)
  region size 1024K, 3 young (3072K), 3 survivors (3072K)
 Metaspace       used 83732K, capacity 85415K, committed 85760K, reserved 1124352K
  class space    used 9530K, capacity 10154K, committed 10240K, reserved 1048576K
}
Event: 25929.238 GC heap before
{Heap before GC invocations=226 (full 0):
 garbage-first heap   total 100352K, used 81497K [0x0000000082600000, 0x0000000100000000)
  region size 1024K, 43 young (44032K), 3 survivors (3072K)
 Metaspace       used 83767K, capacity 85418K, committed 85760K, reserved 1124352K
  class space    used 9530K, capacity 10155K, committed 10240K, reserved 1048576K
}
Event: 25929.240 GC heap after
{Heap after GC invocations=227 (full 0):
 garbage-first heap   total 100352K, used 41309K [0x0000000082600000, 0x0000000100000000)
  region size 1024K, 3 young (3072K), 3 survivors (3072K)
 Metaspace       used 83767K, capacity 85418K, committed 85760K, reserved 1124352K
  class space    used 9530K, capacity 10155K, committed 10240K, reserved 1048576K
}
Event: 26068.717 GC heap before
{Heap before GC invocations=227 (full 0):
 garbage-first heap   total 100352K, used 82269K [0x0000000082600000, 0x0000000100000000)
  region size 1024K, 43 young (44032K), 3 survivors (3072K)
 Metaspace       used 83767K, capacity 85418K, committed 85760K, reserved 1124352K
  class space    used 9530K, capacity 10155K, committed 10240K, reserved 1048576K
}
Event: 26068.719 GC heap after
{Heap after GC invocations=228 (full 0):
 garbage-first heap   total 100352K, used 41915K [0x0000000082600000, 0x0000000100000000)
  region size 1024K, 4 young (4096K), 4 survivors (4096K)
 Metaspace       used 83767K, capacity 85418K, committed 85760K, reserved 1124352K
  class space    used 9530K, capacity 10155K, committed 10240K, reserved 1048576K
}
Event: 26217.819 GC heap before
{Heap before GC invocations=228 (full 0):
 garbage-first heap   total 100352K, used 81851K [0x0000000082600000, 0x0000000100000000)
  region size 1024K, 43 young (44032K), 4 survivors (4096K)
 Metaspace       used 83767K, capacity 85418K, committed 85760K, reserved 1124352K
  class space    used 9530K, capacity 10155K, committed 10240K, reserved 1048576K
}
Event: 26217.824 GC heap after
{Heap after GC invocations=229 (full 0):
 garbage-first heap   total 100352K, used 41668K [0x0000000082600000, 0x0000000100000000)
  region size 1024K, 3 young (3072K), 3 survivors (3072K)
 Metaspace       used 83767K, capacity 85418K, committed 85760K, reserved 1124352K
  class space    used 9530K, capacity 10155K, committed 10240K, reserved 1048576K
}
Event: 26372.989 GC heap before
{Heap before GC invocations=229 (full 0):
 garbage-first heap   total 100352K, used 82628K [0x0000000082600000, 0x0000000100000000)
  region size 1024K, 43 young (44032K), 3 survivors (3072K)
 Metaspace       used 83767K, capacity 85418K, committed 85760K, reserved 1124352K
  class space    used 9530K, capacity 10155K, committed 10240K, reserved 1048576K
}
Event: 26372.993 GC heap after
{Heap after GC invocations=230 (full 0):
 garbage-first heap   total 100352K, used 41805K [0x0000000082600000, 0x0000000100000000)
  region size 1024K, 4 young (4096K), 4 survivors (4096K)
 Metaspace       used 83767K, capacity 85418K, committed 85760K, reserved 1124352K
  class space    used 9530K, capacity 10155K, committed 10240K, reserved 1048576K
}
Event: 26524.465 GC heap before
{Heap before GC invocations=230 (full 0):
 garbage-first heap   total 100352K, used 81741K [0x0000000082600000, 0x0000000100000000)
  region size 1024K, 43 young (44032K), 4 survivors (4096K)
 Metaspace       used 83767K, capacity 85418K, committed 85760K, reserved 1124352K
  class space    used 9530K, capacity 10155K, committed 10240K, reserved 1048576K
}
Event: 26524.468 GC heap after
{Heap after GC invocations=231 (full 0):
 garbage-first heap   total 100352K, used 41668K [0x0000000082600000, 0x0000000100000000)
  region size 1024K, 3 young (3072K), 3 survivors (3072K)
 Metaspace       used 83767K, capacity 85418K, committed 85760K, reserved 1124352K
  class space    used 9530K, capacity 10155K, committed 10240K, reserved 1048576K
}
Event: 26671.113 GC heap before
{Heap before GC invocations=231 (full 0):
 garbage-first heap   total 100352K, used 81604K [0x0000000082600000, 0x0000000100000000)
  region size 1024K, 43 young (44032K), 3 survivors (3072K)
 Metaspace       used 83767K, capacity 85418K, committed 85760K, reserved 1124352K
  class space    used 9530K, capacity 10155K, committed 10240K, reserved 1048576K
}
Event: 26671.115 GC heap after
{Heap after GC invocations=232 (full 0):
 garbage-first heap   total 100352K, used 41873K [0x0000000082600000, 0x0000000100000000)
  region size 1024K, 4 young (4096K), 4 survivors (4096K)
 Metaspace       used 83767K, capacity 85418K, committed 85760K, reserved 1124352K
  class space    used 9530K, capacity 10155K, committed 10240K, reserved 1048576K
}
Event: 26837.688 GC heap before
{Heap before GC invocations=232 (full 0):
 garbage-first heap   total 100352K, used 80785K [0x0000000082600000, 0x0000000100000000)
  region size 1024K, 43 young (44032K), 4 survivors (4096K)
 Metaspace       used 83767K, capacity 85418K, committed 85760K, reserved 1124352K
  class space    used 9530K, capacity 10155K, committed 10240K, reserved 1048576K
}
Event: 26837.694 GC heap after
{Heap after GC invocations=233 (full 0):
 garbage-first heap   total 100352K, used 41486K [0x0000000082600000, 0x0000000100000000)
  region size 1024K, 3 young (3072K), 3 survivors (3072K)
 Metaspace       used 83767K, capacity 85418K, committed 85760K, reserved 1124352K
  class space    used 9530K, capacity 10155K, committed 10240K, reserved 1048576K
}
Event: 27022.539 GC heap before
{Heap before GC invocations=233 (full 0):
 garbage-first heap   total 100352K, used 82446K [0x0000000082600000, 0x0000000100000000)
  region size 1024K, 43 young (44032K), 3 survivors (3072K)
 Metaspace       used 83776K, capacity 85418K, committed 85760K, reserved 1124352K
  class space    used 9530K, capacity 10155K, committed 10240K, reserved 1048576K
}
Event: 27022.544 GC heap after
{Heap after GC invocations=234 (full 0):
 garbage-first heap   total 100352K, used 41037K [0x0000000082600000, 0x0000000100000000)
  region size 1024K, 3 young (3072K), 3 survivors (3072K)
 Metaspace       used 83776K, capacity 85418K, committed 85760K, reserved 1124352K
  class space    used 9530K, capacity 10155K, committed 10240K, reserved 1048576K
}
Event: 39690.892 GC heap before
{Heap before GC invocations=234 (full 0):
 garbage-first heap   total 100352K, used 80973K [0x0000000082600000, 0x0000000100000000)
  region size 1024K, 43 young (44032K), 3 survivors (3072K)
 Metaspace       used 83791K, capacity 85418K, committed 85760K, reserved 1124352K
  class space    used 9534K, capacity 10155K, committed 10240K, reserved 1048576K
}
Event: 39690.905 GC heap after
{Heap after GC invocations=235 (full 0):
 garbage-first heap   total 100352K, used 41846K [0x0000000082600000, 0x0000000100000000)
  region size 1024K, 4 young (4096K), 4 survivors (4096K)
 Metaspace       used 83791K, capacity 85418K, committed 85760K, reserved 1124352K
  class space    used 9534K, capacity 10155K, committed 10240K, reserved 1048576K
}

